<?xml version="1.0" encoding="UTF-8"?>
<!-- Generated by org.testng.reporters.JUnitReportReporter -->
<testsuite hostname="NDI-LAP-141" failures="0" tests="1" name="org.example.AppTest" time="0.008" errors="0" timestamp="2022-01-16T14:26:20 IST" skipped="0">
  <testcase classname="org.example.AppTest" name="shouldAnswerWithTrue" time="0.008"/>
  <system-out/>
</testsuite> <!-- org.example.AppTest -->
